tests/test_hooks_marks.py::test_example_1: PASSED
tests/test_hooks_marks.py::test_example_2[input_data0]: FAILED
tests/test_hooks_marks.py::test_example_2[input_data1]: PASSED
tests/test_hooks_marks.py::test_example_2[input_data2]: PASSED
tests/test_hooks_marks.py::test_example_3: PASSED
tests/test_hooks_marks.py::test_example_4[1-1-1]: PASSED
tests/test_hooks_marks.py::test_example_4[2-8-40]: FAILED
tests/test_hooks_marks.py::test_example_4[3-4-12]: PASSED
